  Menu.cpp
Menu.cpp(104): warning C4244: 'argument': conversion from 'int' to 'float', possible loss of data
  main.cpp
main.cpp(18): warning C4244: 'argument': conversion from 'time_t' to 'unsigned int', possible loss of data
main.cpp(25): warning C4244: 'argument': conversion from 'unsigned int' to 'float', possible loss of data
main.cpp(38): warning C4244: 'argument': conversion from 'int' to 'float', possible loss of data
main.cpp(39): warning C4244: 'argument': conversion from 'int' to 'float', possible loss of data
main.cpp(210): warning C4244: 'argument': conversion from 'int' to 'float', possible loss of data
main.cpp(222): warning C4244: 'argument': conversion from 'int' to 'float', possible loss of data
main.cpp(228): warning C4244: 'argument': conversion from 'int' to 'float', possible loss of data
main.cpp(229): warning C4244: 'argument': conversion from 'int' to 'float', possible loss of data
main.cpp(277): warning C4244: '=': conversion from 'int' to 'float', possible loss of data
main.cpp(343): warning C4244: 'argument': conversion from 'int' to 'float', possible loss of data
     Creating library D:\БГУИР ------------------\1 семестр\ОАиП\Курсовая\Arkanoid\Release\Arkanoid.lib and object D:\БГУИР ------------------\1 семестр\ОАиП\Курсовая\Arkanoid\Release\Arkanoid.exp
  Generating code
  1 of 253 functions ( 0.4%) were compiled, the rest were copied from previous compilation.
    0 functions were new in current compilation
    21 functions had inline decision re-evaluated but remain unchanged
  Finished generating code
  Arkanoid.vcxproj -> D:\БГУИР ------------------\1 семестр\ОАиП\Курсовая\Arkanoid\Release\Arkanoid.exe
